epoch,loss,val_loss
0,39.86796188354492,34.59675216674805
1,38.483787536621094,42.45682144165039
2,38.632667541503906,34.55746841430664
3,38.02887725830078,33.98366928100586
4,37.876895904541016,34.13581848144531
5,37.889076232910156,34.15425491333008
6,37.71272659301758,33.82744598388672
7,37.69300842285156,34.0111083984375
8,37.625240325927734,33.8271484375
9,37.57038497924805,33.8238410949707
10,37.51469039916992,33.87215042114258
11,37.490535736083984,33.774757385253906
12,37.52582550048828,33.868167877197266
13,37.45024108886719,33.6751594543457
14,37.472049713134766,33.780487060546875
15,37.3933219909668,33.74851989746094
16,37.40406799316406,33.67732238769531
17,37.38629150390625,33.679222106933594
18,37.3552360534668,33.624473571777344
19,37.393680572509766,33.61954116821289
20,37.34137725830078,33.63908386230469
21,37.339202880859375,33.67412567138672
22,37.31339645385742,33.63719940185547
23,37.31095504760742,33.61879348754883
24,37.308837890625,33.57688903808594
25,37.28606033325195,33.67112731933594
26,37.293678283691406,33.58598709106445
27,37.27668762207031,33.59099197387695
28,37.30360794067383,33.57756805419922
29,37.28213882446289,33.60478210449219
30,37.26933670043945,33.54686737060547
31,37.258262634277344,33.570213317871094
32,37.25309371948242,33.53864288330078
33,37.24346160888672,33.63092803955078
34,37.24552917480469,33.55836868286133
35,37.22678756713867,33.62435531616211
36,37.23990249633789,33.62405014038086
37,37.23236846923828,33.555084228515625
38,37.224613189697266,33.58443832397461
39,37.21177291870117,33.62116241455078
40,37.21547317504883,33.528778076171875
41,37.19792938232422,33.81169128417969
42,37.21123123168945,33.49674987792969
43,37.192073822021484,33.49855422973633
44,37.18925094604492,33.5086555480957
45,37.166690826416016,33.51383590698242
46,37.17124938964844,33.63901138305664
47,37.17060852050781,33.49338150024414
48,37.171783447265625,33.49045181274414
49,37.160709381103516,33.50888442993164
50,37.15550994873047,33.4884147644043
51,37.15087127685547,33.49272155761719
52,37.145198822021484,33.54972839355469
53,37.14535140991211,33.51456832885742
54,37.14896774291992,33.49543380737305
55,37.14468765258789,33.571895599365234
56,37.133819580078125,33.45552444458008
57,37.12653732299805,33.46965789794922
58,37.151702880859375,33.48064422607422
59,37.1417236328125,33.465232849121094
60,37.142974853515625,33.482994079589844
61,37.131465911865234,33.4581413269043
62,37.132293701171875,33.52210998535156
63,37.11012268066406,33.49111557006836
64,37.11427307128906,33.496551513671875
65,37.11130142211914,33.47323989868164
66,37.11829376220703,33.45835494995117
67,37.109622955322266,33.443790435791016
68,37.111656188964844,33.52749252319336
69,37.124412536621094,33.48603820800781
70,37.11133575439453,33.4381103515625
71,37.11099624633789,33.45392608642578
72,37.10819625854492,33.45911407470703
73,37.10732650756836,33.465599060058594
74,37.1117057800293,33.4942741394043
75,37.11332702636719,33.449462890625
76,37.09275436401367,33.4692497253418
77,37.10274887084961,33.44490051269531
78,37.10232925415039,33.46773910522461
79,37.093528747558594,33.45451736450195
80,37.0997428894043,33.49842834472656
81,37.09812927246094,33.43270492553711
82,37.10451126098633,33.529441833496094
83,37.089996337890625,33.438697814941406
84,37.09043502807617,33.435401916503906
85,37.095191955566406,33.44452667236328
86,37.0974235534668,33.48443603515625
87,37.08972930908203,33.50934982299805
88,37.08501052856445,33.441078186035156
89,37.08781051635742,33.426025390625
90,37.094356536865234,33.49283981323242
91,37.0986328125,33.51559829711914
92,37.08359909057617,33.47686767578125
93,37.08411407470703,33.44797134399414
94,37.08335494995117,33.456939697265625
95,37.08382797241211,33.47814178466797
96,37.08384704589844,33.489601135253906
97,37.08531188964844,33.44376754760742
98,37.08198547363281,33.45022964477539
99,37.0798454284668,33.44926071166992
100,37.08320236206055,33.4595832824707
101,37.085514068603516,33.421756744384766
102,37.0613899230957,33.44347381591797
103,37.079917907714844,33.45933532714844
104,37.08390426635742,33.457550048828125
105,37.07899856567383,33.45096206665039
106,37.07880783081055,33.44083786010742
107,37.07651138305664,33.43141555786133
108,37.08393478393555,33.44481658935547
109,37.068355560302734,33.432491302490234
110,37.071964263916016,33.43751525878906
111,37.07395935058594,33.448951721191406
112,37.07479476928711,33.42291259765625
113,37.071189880371094,33.442970275878906
114,37.0665283203125,33.4378662109375
115,37.067291259765625,33.48514175415039
116,37.07083511352539,33.4877815246582
117,37.074344635009766,33.43143844604492
118,37.07427215576172,33.45831298828125
119,37.06439971923828,33.521453857421875
120,37.06570053100586,33.426151275634766
121,37.06245803833008,33.476524353027344
122,37.06772232055664,33.413536071777344
123,37.058990478515625,33.453460693359375
124,37.061546325683594,33.42308044433594
125,37.06237030029297,33.4202766418457
126,37.06537628173828,33.4287109375
127,37.05922317504883,33.433719635009766
128,37.070316314697266,33.44416809082031
129,37.06499099731445,33.4731330871582
130,37.05509567260742,33.460723876953125
131,37.06071090698242,33.426063537597656
132,37.06298828125,33.444000244140625
133,37.061153411865234,33.45532989501953
134,37.05632019042969,33.43158721923828
135,37.062896728515625,33.434017181396484
136,37.06287384033203,33.43150329589844
137,37.063602447509766,33.439212799072266
138,37.059898376464844,33.42441940307617
139,37.05984878540039,33.426422119140625
140,37.05783462524414,33.44153594970703
141,37.055213928222656,33.45384979248047
142,37.0609245300293,33.43814468383789
143,37.05483627319336,33.434776306152344
144,37.06062698364258,33.43069076538086
145,37.057861328125,33.44875717163086
146,37.06464385986328,33.4260139465332
147,37.056941986083984,33.43608856201172
148,37.0496826171875,33.50069046020508
149,37.060550689697266,33.43933868408203
150,37.04798889160156,33.42533874511719
151,37.05353927612305,33.4818000793457
152,37.049293518066406,33.43058395385742
153,37.05061721801758,33.410457611083984
154,37.05148696899414,33.448150634765625
155,37.05317687988281,33.45282745361328
156,37.04042053222656,33.439788818359375
157,37.047401428222656,33.419620513916016
158,37.05299377441406,33.436737060546875
159,37.04511642456055,33.4307975769043
160,37.0398063659668,33.43343734741211
161,37.04920196533203,33.43190002441406
162,37.05632781982422,33.436424255371094
163,37.05438995361328,33.42203140258789
164,37.04752731323242,33.421512603759766
165,37.04570388793945,33.44117736816406
166,37.0479850769043,33.42843246459961
167,37.04824447631836,33.42816925048828
168,37.04560089111328,33.41775894165039
169,37.040252685546875,33.45261001586914
170,37.052040100097656,33.428733825683594
171,37.03934860229492,33.486793518066406
172,37.04398727416992,33.416297912597656
173,37.04338455200195,33.430118560791016
174,37.03982925415039,33.451507568359375
175,37.04329299926758,33.43975067138672
176,37.04847717285156,33.47827911376953
177,37.049747467041016,33.4200439453125
178,37.039310455322266,33.452430725097656
179,37.04254913330078,33.472816467285156
180,37.042991638183594,33.42036819458008
181,37.04111099243164,33.41128921508789
182,37.04171371459961,33.42642593383789
183,37.041988372802734,33.44383239746094
184,37.041748046875,33.43724822998047
185,37.04106903076172,33.40512466430664
186,37.04206848144531,33.432334899902344
187,37.041011810302734,33.45322036743164
188,37.044612884521484,33.398319244384766
189,37.043907165527344,33.412899017333984
190,37.04306411743164,33.4185905456543
191,37.04058074951172,33.45052719116211
192,37.0362548828125,33.414459228515625
193,37.04204559326172,33.4311637878418
194,37.04086685180664,33.42789840698242
195,37.039554595947266,33.43781280517578
196,37.039520263671875,33.45121383666992
197,37.04081726074219,33.422393798828125
198,37.037357330322266,33.43960189819336
199,37.03689956665039,33.44853591918945
