epoch,loss,val_loss
0,181.11778259277344,83.34449768066406
1,105.10728454589844,82.49665832519531
2,95.50956726074219,82.44583129882812
3,95.01871490478516,81.15994262695312
4,94.23978424072266,80.2448501586914
5,92.92976379394531,79.29183197021484
6,94.91082763671875,78.64366149902344
7,90.25950622558594,77.38758850097656
8,88.82141876220703,77.41887664794922
9,88.84467315673828,76.47069549560547
10,87.52220916748047,76.37773895263672
11,86.98625183105469,79.62873840332031
12,86.95082092285156,75.58897399902344
13,87.05602264404297,75.59356689453125
14,85.80623626708984,76.54991912841797
15,85.96601867675781,75.4942626953125
16,85.59696197509766,76.49419403076172
17,85.14390563964844,75.03996276855469
18,84.8873062133789,75.05264282226562
19,84.48664093017578,75.26087188720703
20,84.43937683105469,75.05113983154297
21,84.28943634033203,78.66637420654297
22,84.15657806396484,74.69114685058594
23,84.00520324707031,77.59042358398438
24,84.19710540771484,74.66777801513672
25,83.61299133300781,74.47933959960938
26,83.75098419189453,74.56363677978516
27,83.55619812011719,74.46066284179688
28,83.4583511352539,74.61864471435547
29,83.42366027832031,74.09362030029297
30,83.24164581298828,74.36917114257812
31,83.14228057861328,74.43624877929688
32,83.27235412597656,74.08291625976562
33,83.11090850830078,74.48273468017578
34,82.851318359375,74.84171295166016
35,82.88613891601562,74.2272720336914
36,82.82189178466797,74.18885803222656
37,82.81564331054688,73.69540405273438
38,82.88319396972656,73.88471221923828
39,82.69664764404297,73.91639709472656
40,82.58332061767578,73.6988754272461
41,82.46040344238281,76.68472290039062
42,82.69237518310547,73.66569519042969
43,82.38152313232422,75.66918182373047
44,82.54247283935547,74.49873352050781
45,82.51239013671875,73.65225219726562
46,82.37071990966797,73.74948120117188
47,82.32723236083984,73.73290252685547
48,82.34869384765625,73.4433364868164
49,82.26405334472656,73.71556091308594
50,82.24500274658203,73.50716400146484
51,82.07720184326172,74.04593658447266
52,82.0904312133789,73.53327178955078
53,82.11320495605469,73.81689453125
54,81.99491882324219,73.52268981933594
55,82.03648376464844,74.60408020019531
56,82.00180053710938,73.87814331054688
57,81.99980163574219,73.44405364990234
58,82.009765625,73.5365982055664
59,81.89353942871094,73.53472137451172
60,81.85380554199219,73.747802734375
61,81.9383544921875,73.38929748535156
62,81.83666229248047,73.59249114990234
63,81.84395599365234,73.3370132446289
64,81.75135040283203,74.0191421508789
65,81.78755187988281,73.69055938720703
66,81.79505157470703,73.40779876708984
67,81.65963745117188,73.62174224853516
68,81.69896697998047,73.44159698486328
69,81.67973327636719,73.48855590820312
70,81.6610336303711,73.8060073852539
71,81.62158203125,73.38725280761719
72,81.57731628417969,73.29894256591797
73,81.60273742675781,73.21357727050781
74,81.62602996826172,73.28959655761719
75,81.5512466430664,73.41329193115234
76,81.51560974121094,73.33784484863281
77,81.4887466430664,74.11186981201172
78,81.51908874511719,73.1768569946289
79,81.51396179199219,73.80220794677734
80,81.46041107177734,73.13585662841797
81,81.52336120605469,73.2133560180664
82,81.4013671875,73.16636657714844
83,81.3925552368164,73.29313659667969
84,81.44229125976562,73.32638549804688
85,81.43291473388672,73.34025573730469
86,81.40047454833984,73.10628509521484
87,81.33618927001953,73.60369110107422
88,81.31971740722656,73.57305145263672
89,81.41375732421875,73.21805572509766
90,81.32384490966797,73.1103744506836
91,81.31704711914062,73.17240905761719
92,81.26937103271484,73.20098876953125
93,81.26638793945312,73.5112075805664
94,81.28933715820312,73.26019287109375
95,81.24366760253906,73.32463836669922
96,81.2723159790039,73.15254974365234
97,81.26116943359375,73.1776351928711
98,81.14250946044922,73.2862319946289
99,81.23998260498047,73.04283905029297
100,81.17195892333984,73.0699462890625
101,81.11943054199219,73.23597717285156
102,81.13185119628906,73.23214721679688
103,81.20095825195312,73.17363739013672
104,81.09757232666016,73.21585845947266
105,81.13902282714844,73.25736236572266
106,81.16505432128906,72.98057556152344
107,81.06832885742188,73.11089324951172
108,81.08704376220703,73.15033721923828
109,81.0090103149414,73.22433471679688
110,81.09590911865234,73.15023040771484
111,81.05828094482422,72.97438049316406
112,81.06424713134766,72.90338134765625
113,81.04136657714844,72.9337158203125
114,81.05177307128906,73.09378051757812
115,81.06798553466797,72.9456787109375
116,80.99092102050781,72.93844604492188
117,80.99407196044922,73.06876373291016
118,80.99894714355469,73.13494110107422
119,80.961669921875,73.13375854492188
120,80.95333862304688,72.87478637695312
121,81.00225067138672,73.01070404052734
122,80.951416015625,72.88677978515625
123,80.97466278076172,72.96115112304688
124,80.91705322265625,72.9184799194336
125,80.95316314697266,72.92656707763672
126,80.91423034667969,73.00529479980469
127,80.94636535644531,73.0548324584961
128,80.90337371826172,72.93997955322266
129,80.94440460205078,73.0026626586914
130,80.86055755615234,73.03861236572266
131,80.90858459472656,72.93832397460938
132,80.88731384277344,73.02951049804688
133,80.84659576416016,72.91165924072266
134,80.85320281982422,73.26946258544922
135,80.85752868652344,73.09112548828125
136,80.89757537841797,72.9384994506836
137,80.88775634765625,72.95779418945312
138,80.7610855102539,73.29267883300781
139,80.82835388183594,73.03208923339844
140,80.84949493408203,72.79254913330078
141,80.79536437988281,72.86406707763672
142,80.82056427001953,72.93437957763672
143,80.83506774902344,72.80159759521484
144,80.78585815429688,72.87771606445312
145,80.80670166015625,72.79108428955078
146,80.81623840332031,72.91246795654297
147,80.73458099365234,72.85568237304688
148,80.79686737060547,72.86791229248047
149,80.75300598144531,72.86679077148438
150,80.76451110839844,72.92018127441406
151,80.71681213378906,72.79217529296875
152,80.74633026123047,72.81362915039062
153,80.75809478759766,72.85923767089844
154,80.72299194335938,72.8476791381836
155,80.7269058227539,72.8402328491211
156,80.7047119140625,73.52521514892578
157,80.7459945678711,72.8503189086914
158,80.71377563476562,72.89942169189453
159,80.70347595214844,72.89547729492188
160,80.67662811279297,72.73564910888672
161,80.6897964477539,72.88572692871094
162,80.69837951660156,72.72827911376953
163,80.69183349609375,72.79820251464844
164,80.67790985107422,72.77543640136719
165,80.67115020751953,73.21682739257812
166,80.6838150024414,72.967041015625
167,80.67212677001953,72.85183715820312
168,80.65782928466797,72.7701416015625
169,80.6494369506836,72.75164794921875
170,80.67433166503906,72.81916046142578
171,80.65563201904297,72.78057098388672
172,80.61255645751953,72.82707977294922
173,80.64192962646484,72.71501922607422
174,80.60892486572266,72.72351837158203
175,80.61614990234375,72.83277893066406
176,80.63780975341797,72.74799346923828
177,80.60945892333984,72.87916564941406
178,80.60035705566406,72.88724517822266
179,80.58133697509766,72.83246612548828
180,80.61968994140625,72.7574691772461
181,80.58318328857422,72.78177642822266
182,80.59185791015625,72.66168212890625
183,80.57967376708984,73.02690124511719
184,80.55333709716797,72.8100357055664
185,80.59320068359375,72.68108367919922
186,80.58300018310547,72.69058227539062
187,80.54431915283203,72.75194549560547
188,80.53128051757812,73.03263854980469
189,80.5783462524414,72.84452819824219
190,80.56403350830078,72.85027313232422
191,80.53064727783203,72.68341064453125
192,80.5295639038086,72.75286865234375
193,80.55577087402344,73.17863464355469
194,80.56896209716797,72.70724487304688
195,80.51575469970703,72.71407318115234
196,80.52639770507812,72.64583587646484
197,80.50286865234375,72.65068817138672
198,80.46548461914062,72.82179260253906
199,80.53445434570312,72.7083511352539
